<?xml version="1.0" encoding="UTF-8"?>
<testsuites name="Mocha Tests" time="0" tests="14" failures="14">
  <testsuite name="Root Suite" timestamp="2020-07-15T18:47:24" tests="0" file="cypress/integration/APITesting.js" failures="0" time="0">
  </testsuite>
  <testsuite name="Automated tests for the omar-mensa methods" timestamp="2020-07-15T18:47:24" tests="14" failures="14" time="0">
    <testcase name="Automated tests for the omar-mensa methods Should test 200 code for chip default values" time="0" classname="Should test 200 code for chip default values">
      <failure message="`cy.request()` failed on:

https://omar.ossim.io/omar-mensa/chipper/chip

The response we received from your web server was:

  &gt; 400: Bad Request

This was considered a failure because the status code was not `2xx` or `3xx`.

If you do not want status codes to cause failures pass the option: `failOnStatusCode: false`

-----------------------------------------------------------

The request we sent was:

Method: GET
URL: https://omar.ossim.io/omar-mensa/chipper/chip
Headers: {
  &quot;Connection&quot;: &quot;keep-alive&quot;,
  &quot;user-agent&quot;: &quot;Mozilla/5.0 (X11; Linux x86_64) AppleWebKit/537.36 (KHTML, like Gecko) Cypress/4.10.0 Chrome/80.0.3987.165 Electron/8.3.1 Safari/537.36&quot;,
  &quot;accept&quot;: &quot;*/*&quot;,
  &quot;accept-encoding&quot;: &quot;gzip, deflate&quot;
}

-----------------------------------------------------------

The response we got was:

Status: 400 - Bad Request
Headers: {
  &quot;server&quot;: &quot;nginx/1.17.10&quot;,
  &quot;date&quot;: &quot;Wed, 15 Jul 2020 18:47:29 GMT&quot;,
  &quot;content-type&quot;: &quot;text/plain&quot;,
  &quot;content-length&quot;: &quot;62&quot;,
  &quot;connection&quot;: &quot;keep-alive&quot;,
  &quot;strict-transport-security&quot;: &quot;max-age=15724800; includeSubDomains&quot;
}
Body: Parameter values are invalid. Please check the paramter format


https://on.cypress.io/request" type="CypressError"><![CDATA[CypressError: `cy.request()` failed on:

https://omar.ossim.io/omar-mensa/chipper/chip

The response we received from your web server was:

  > 400: Bad Request

This was considered a failure because the status code was not `2xx` or `3xx`.

If you do not want status codes to cause failures pass the option: `failOnStatusCode: false`

-----------------------------------------------------------

The request we sent was:

Method: GET
URL: https://omar.ossim.io/omar-mensa/chipper/chip
Headers: {
  "Connection": "keep-alive",
  "user-agent": "Mozilla/5.0 (X11; Linux x86_64) AppleWebKit/537.36 (KHTML, like Gecko) Cypress/4.10.0 Chrome/80.0.3987.165 Electron/8.3.1 Safari/537.36",
  "accept": "*/*",
  "accept-encoding": "gzip, deflate"
}

-----------------------------------------------------------

The response we got was:

Status: 400 - Bad Request
Headers: {
  "server": "nginx/1.17.10",
  "date": "Wed, 15 Jul 2020 18:47:29 GMT",
  "content-type": "text/plain",
  "content-length": "62",
  "connection": "keep-alive",
  "strict-transport-security": "max-age=15724800; includeSubDomains"
}
Body: Parameter values are invalid. Please check the paramter format


https://on.cypress.io/request
    at https://omar.ossim.io/__cypress/runner/cypress_runner.js:157527:21
    at tryCatcher (https://omar.ossim.io/__cypress/runner/cypress_runner.js:10130:23)
    at Promise._settlePromiseFromHandler (https://omar.ossim.io/__cypress/runner/cypress_runner.js:8065:31)
    at Promise._settlePromise (https://omar.ossim.io/__cypress/runner/cypress_runner.js:8122:18)
    at Promise._settlePromise0 (https://omar.ossim.io/__cypress/runner/cypress_runner.js:8167:10)
    at Promise._settlePromises (https://omar.ossim.io/__cypress/runner/cypress_runner.js:8247:18)
    at _drainQueueStep (https://omar.ossim.io/__cypress/runner/cypress_runner.js:4837:12)
    at _drainQueue (https://omar.ossim.io/__cypress/runner/cypress_runner.js:4830:9)
    at Async.../../node_modules/bluebird/js/release/async.js.Async._drainQueues (https://omar.ossim.io/__cypress/runner/cypress_runner.js:4846:5)
    at Async.drainQueues (https://omar.ossim.io/__cypress/runner/cypress_runner.js:4716:14)
From Your Spec Code:
    at Context.eval (https://omar.ossim.io/__cypress/tests?p=cypress/integration/APITesting.js:22:12)]]></failure>
    </testcase>
    <testcase name="Automated tests for the omar-mensa methods Should test response header for chip" time="0" classname="Should test response header for chip">
      <failure message="`cy.request()` failed on:

https://omar.ossim.io/omar-mensa/chipper/chip

The response we received from your web server was:

  &gt; 400: Bad Request

This was considered a failure because the status code was not `2xx` or `3xx`.

If you do not want status codes to cause failures pass the option: `failOnStatusCode: false`

-----------------------------------------------------------

The request we sent was:

Method: GET
URL: https://omar.ossim.io/omar-mensa/chipper/chip
Headers: {
  &quot;Connection&quot;: &quot;keep-alive&quot;,
  &quot;user-agent&quot;: &quot;Mozilla/5.0 (X11; Linux x86_64) AppleWebKit/537.36 (KHTML, like Gecko) Cypress/4.10.0 Chrome/80.0.3987.165 Electron/8.3.1 Safari/537.36&quot;,
  &quot;accept&quot;: &quot;*/*&quot;,
  &quot;accept-encoding&quot;: &quot;gzip, deflate&quot;
}

-----------------------------------------------------------

The response we got was:

Status: 400 - Bad Request
Headers: {
  &quot;server&quot;: &quot;nginx/1.17.10&quot;,
  &quot;date&quot;: &quot;Wed, 15 Jul 2020 18:47:30 GMT&quot;,
  &quot;content-type&quot;: &quot;text/plain&quot;,
  &quot;content-length&quot;: &quot;62&quot;,
  &quot;connection&quot;: &quot;keep-alive&quot;,
  &quot;strict-transport-security&quot;: &quot;max-age=15724800; includeSubDomains&quot;
}
Body: Parameter values are invalid. Please check the paramter format


https://on.cypress.io/request" type="CypressError"><![CDATA[CypressError: `cy.request()` failed on:

https://omar.ossim.io/omar-mensa/chipper/chip

The response we received from your web server was:

  > 400: Bad Request

This was considered a failure because the status code was not `2xx` or `3xx`.

If you do not want status codes to cause failures pass the option: `failOnStatusCode: false`

-----------------------------------------------------------

The request we sent was:

Method: GET
URL: https://omar.ossim.io/omar-mensa/chipper/chip
Headers: {
  "Connection": "keep-alive",
  "user-agent": "Mozilla/5.0 (X11; Linux x86_64) AppleWebKit/537.36 (KHTML, like Gecko) Cypress/4.10.0 Chrome/80.0.3987.165 Electron/8.3.1 Safari/537.36",
  "accept": "*/*",
  "accept-encoding": "gzip, deflate"
}

-----------------------------------------------------------

The response we got was:

Status: 400 - Bad Request
Headers: {
  "server": "nginx/1.17.10",
  "date": "Wed, 15 Jul 2020 18:47:30 GMT",
  "content-type": "text/plain",
  "content-length": "62",
  "connection": "keep-alive",
  "strict-transport-security": "max-age=15724800; includeSubDomains"
}
Body: Parameter values are invalid. Please check the paramter format


https://on.cypress.io/request
    at https://omar.ossim.io/__cypress/runner/cypress_runner.js:157527:21
    at tryCatcher (https://omar.ossim.io/__cypress/runner/cypress_runner.js:10130:23)
    at Promise._settlePromiseFromHandler (https://omar.ossim.io/__cypress/runner/cypress_runner.js:8065:31)
    at Promise._settlePromise (https://omar.ossim.io/__cypress/runner/cypress_runner.js:8122:18)
    at Promise._settlePromise0 (https://omar.ossim.io/__cypress/runner/cypress_runner.js:8167:10)
    at Promise._settlePromises (https://omar.ossim.io/__cypress/runner/cypress_runner.js:8247:18)
    at _drainQueueStep (https://omar.ossim.io/__cypress/runner/cypress_runner.js:4837:12)
    at _drainQueue (https://omar.ossim.io/__cypress/runner/cypress_runner.js:4830:9)
    at Async.../../node_modules/bluebird/js/release/async.js.Async._drainQueues (https://omar.ossim.io/__cypress/runner/cypress_runner.js:4846:5)
    at Async.drainQueues (https://omar.ossim.io/__cypress/runner/cypress_runner.js:4716:14)
From Your Spec Code:
    at Context.eval (https://omar.ossim.io/__cypress/tests?p=cypress/integration/APITesting.js:27:12)]]></failure>
    </testcase>
    <testcase name="Automated tests for the omar-mensa methods Should test 200 code for ortho default values" time="0" classname="Should test 200 code for ortho default values">
      <failure message="`cy.request()` failed on:

https://omar.ossim.io/omar-mensa/chipper/ortho

The response we received from your web server was:

  &gt; 400: Bad Request

This was considered a failure because the status code was not `2xx` or `3xx`.

If you do not want status codes to cause failures pass the option: `failOnStatusCode: false`

-----------------------------------------------------------

The request we sent was:

Method: GET
URL: https://omar.ossim.io/omar-mensa/chipper/ortho
Headers: {
  &quot;Connection&quot;: &quot;keep-alive&quot;,
  &quot;user-agent&quot;: &quot;Mozilla/5.0 (X11; Linux x86_64) AppleWebKit/537.36 (KHTML, like Gecko) Cypress/4.10.0 Chrome/80.0.3987.165 Electron/8.3.1 Safari/537.36&quot;,
  &quot;accept&quot;: &quot;*/*&quot;,
  &quot;accept-encoding&quot;: &quot;gzip, deflate&quot;
}

-----------------------------------------------------------

The response we got was:

Status: 400 - Bad Request
Headers: {
  &quot;server&quot;: &quot;nginx/1.17.10&quot;,
  &quot;date&quot;: &quot;Wed, 15 Jul 2020 18:47:30 GMT&quot;,
  &quot;content-type&quot;: &quot;text/plain&quot;,
  &quot;content-length&quot;: &quot;62&quot;,
  &quot;connection&quot;: &quot;keep-alive&quot;,
  &quot;strict-transport-security&quot;: &quot;max-age=15724800; includeSubDomains&quot;
}
Body: Parameter values are invalid. Please check the paramter format


https://on.cypress.io/request" type="CypressError"><![CDATA[CypressError: `cy.request()` failed on:

https://omar.ossim.io/omar-mensa/chipper/ortho

The response we received from your web server was:

  > 400: Bad Request

This was considered a failure because the status code was not `2xx` or `3xx`.

If you do not want status codes to cause failures pass the option: `failOnStatusCode: false`

-----------------------------------------------------------

The request we sent was:

Method: GET
URL: https://omar.ossim.io/omar-mensa/chipper/ortho
Headers: {
  "Connection": "keep-alive",
  "user-agent": "Mozilla/5.0 (X11; Linux x86_64) AppleWebKit/537.36 (KHTML, like Gecko) Cypress/4.10.0 Chrome/80.0.3987.165 Electron/8.3.1 Safari/537.36",
  "accept": "*/*",
  "accept-encoding": "gzip, deflate"
}

-----------------------------------------------------------

The response we got was:

Status: 400 - Bad Request
Headers: {
  "server": "nginx/1.17.10",
  "date": "Wed, 15 Jul 2020 18:47:30 GMT",
  "content-type": "text/plain",
  "content-length": "62",
  "connection": "keep-alive",
  "strict-transport-security": "max-age=15724800; includeSubDomains"
}
Body: Parameter values are invalid. Please check the paramter format


https://on.cypress.io/request
    at https://omar.ossim.io/__cypress/runner/cypress_runner.js:157527:21
    at tryCatcher (https://omar.ossim.io/__cypress/runner/cypress_runner.js:10130:23)
    at Promise._settlePromiseFromHandler (https://omar.ossim.io/__cypress/runner/cypress_runner.js:8065:31)
    at Promise._settlePromise (https://omar.ossim.io/__cypress/runner/cypress_runner.js:8122:18)
    at Promise._settlePromise0 (https://omar.ossim.io/__cypress/runner/cypress_runner.js:8167:10)
    at Promise._settlePromises (https://omar.ossim.io/__cypress/runner/cypress_runner.js:8247:18)
    at _drainQueueStep (https://omar.ossim.io/__cypress/runner/cypress_runner.js:4837:12)
    at _drainQueue (https://omar.ossim.io/__cypress/runner/cypress_runner.js:4830:9)
    at Async.../../node_modules/bluebird/js/release/async.js.Async._drainQueues (https://omar.ossim.io/__cypress/runner/cypress_runner.js:4846:5)
    at Async.drainQueues (https://omar.ossim.io/__cypress/runner/cypress_runner.js:4716:14)
From Your Spec Code:
    at Context.eval (https://omar.ossim.io/__cypress/tests?p=cypress/integration/APITesting.js:22:12)]]></failure>
    </testcase>
    <testcase name="Automated tests for the omar-mensa methods Should test response header for ortho" time="0" classname="Should test response header for ortho">
      <failure message="`cy.request()` failed on:

https://omar.ossim.io/omar-mensa/chipper/ortho

The response we received from your web server was:

  &gt; 400: Bad Request

This was considered a failure because the status code was not `2xx` or `3xx`.

If you do not want status codes to cause failures pass the option: `failOnStatusCode: false`

-----------------------------------------------------------

The request we sent was:

Method: GET
URL: https://omar.ossim.io/omar-mensa/chipper/ortho
Headers: {
  &quot;Connection&quot;: &quot;keep-alive&quot;,
  &quot;user-agent&quot;: &quot;Mozilla/5.0 (X11; Linux x86_64) AppleWebKit/537.36 (KHTML, like Gecko) Cypress/4.10.0 Chrome/80.0.3987.165 Electron/8.3.1 Safari/537.36&quot;,
  &quot;accept&quot;: &quot;*/*&quot;,
  &quot;accept-encoding&quot;: &quot;gzip, deflate&quot;
}

-----------------------------------------------------------

The response we got was:

Status: 400 - Bad Request
Headers: {
  &quot;server&quot;: &quot;nginx/1.17.10&quot;,
  &quot;date&quot;: &quot;Wed, 15 Jul 2020 18:47:30 GMT&quot;,
  &quot;content-type&quot;: &quot;text/plain&quot;,
  &quot;content-length&quot;: &quot;62&quot;,
  &quot;connection&quot;: &quot;keep-alive&quot;,
  &quot;strict-transport-security&quot;: &quot;max-age=15724800; includeSubDomains&quot;
}
Body: Parameter values are invalid. Please check the paramter format


https://on.cypress.io/request" type="CypressError"><![CDATA[CypressError: `cy.request()` failed on:

https://omar.ossim.io/omar-mensa/chipper/ortho

The response we received from your web server was:

  > 400: Bad Request

This was considered a failure because the status code was not `2xx` or `3xx`.

If you do not want status codes to cause failures pass the option: `failOnStatusCode: false`

-----------------------------------------------------------

The request we sent was:

Method: GET
URL: https://omar.ossim.io/omar-mensa/chipper/ortho
Headers: {
  "Connection": "keep-alive",
  "user-agent": "Mozilla/5.0 (X11; Linux x86_64) AppleWebKit/537.36 (KHTML, like Gecko) Cypress/4.10.0 Chrome/80.0.3987.165 Electron/8.3.1 Safari/537.36",
  "accept": "*/*",
  "accept-encoding": "gzip, deflate"
}

-----------------------------------------------------------

The response we got was:

Status: 400 - Bad Request
Headers: {
  "server": "nginx/1.17.10",
  "date": "Wed, 15 Jul 2020 18:47:30 GMT",
  "content-type": "text/plain",
  "content-length": "62",
  "connection": "keep-alive",
  "strict-transport-security": "max-age=15724800; includeSubDomains"
}
Body: Parameter values are invalid. Please check the paramter format


https://on.cypress.io/request
    at https://omar.ossim.io/__cypress/runner/cypress_runner.js:157527:21
    at tryCatcher (https://omar.ossim.io/__cypress/runner/cypress_runner.js:10130:23)
    at Promise._settlePromiseFromHandler (https://omar.ossim.io/__cypress/runner/cypress_runner.js:8065:31)
    at Promise._settlePromise (https://omar.ossim.io/__cypress/runner/cypress_runner.js:8122:18)
    at Promise._settlePromise0 (https://omar.ossim.io/__cypress/runner/cypress_runner.js:8167:10)
    at Promise._settlePromises (https://omar.ossim.io/__cypress/runner/cypress_runner.js:8247:18)
    at _drainQueueStep (https://omar.ossim.io/__cypress/runner/cypress_runner.js:4837:12)
    at _drainQueue (https://omar.ossim.io/__cypress/runner/cypress_runner.js:4830:9)
    at Async.../../node_modules/bluebird/js/release/async.js.Async._drainQueues (https://omar.ossim.io/__cypress/runner/cypress_runner.js:4846:5)
    at Async.drainQueues (https://omar.ossim.io/__cypress/runner/cypress_runner.js:4716:14)
From Your Spec Code:
    at Context.eval (https://omar.ossim.io/__cypress/tests?p=cypress/integration/APITesting.js:27:12)]]></failure>
    </testcase>
    <testcase name="Automated tests for the omar-mensa methods Should test 200 code for psm default values" time="0" classname="Should test 200 code for psm default values">
      <failure message="`cy.request()` failed on:

https://omar.ossim.io/omar-mensa/chipper/psm

The response we received from your web server was:

  &gt; 400: Bad Request

This was considered a failure because the status code was not `2xx` or `3xx`.

If you do not want status codes to cause failures pass the option: `failOnStatusCode: false`

-----------------------------------------------------------

The request we sent was:

Method: GET
URL: https://omar.ossim.io/omar-mensa/chipper/psm
Headers: {
  &quot;Connection&quot;: &quot;keep-alive&quot;,
  &quot;user-agent&quot;: &quot;Mozilla/5.0 (X11; Linux x86_64) AppleWebKit/537.36 (KHTML, like Gecko) Cypress/4.10.0 Chrome/80.0.3987.165 Electron/8.3.1 Safari/537.36&quot;,
  &quot;accept&quot;: &quot;*/*&quot;,
  &quot;accept-encoding&quot;: &quot;gzip, deflate&quot;
}

-----------------------------------------------------------

The response we got was:

Status: 400 - Bad Request
Headers: {
  &quot;server&quot;: &quot;nginx/1.17.10&quot;,
  &quot;date&quot;: &quot;Wed, 15 Jul 2020 18:47:30 GMT&quot;,
  &quot;content-type&quot;: &quot;text/plain&quot;,
  &quot;content-length&quot;: &quot;62&quot;,
  &quot;connection&quot;: &quot;keep-alive&quot;,
  &quot;strict-transport-security&quot;: &quot;max-age=15724800; includeSubDomains&quot;
}
Body: Parameter values are invalid. Please check the paramter format


https://on.cypress.io/request" type="CypressError"><![CDATA[CypressError: `cy.request()` failed on:

https://omar.ossim.io/omar-mensa/chipper/psm

The response we received from your web server was:

  > 400: Bad Request

This was considered a failure because the status code was not `2xx` or `3xx`.

If you do not want status codes to cause failures pass the option: `failOnStatusCode: false`

-----------------------------------------------------------

The request we sent was:

Method: GET
URL: https://omar.ossim.io/omar-mensa/chipper/psm
Headers: {
  "Connection": "keep-alive",
  "user-agent": "Mozilla/5.0 (X11; Linux x86_64) AppleWebKit/537.36 (KHTML, like Gecko) Cypress/4.10.0 Chrome/80.0.3987.165 Electron/8.3.1 Safari/537.36",
  "accept": "*/*",
  "accept-encoding": "gzip, deflate"
}

-----------------------------------------------------------

The response we got was:

Status: 400 - Bad Request
Headers: {
  "server": "nginx/1.17.10",
  "date": "Wed, 15 Jul 2020 18:47:30 GMT",
  "content-type": "text/plain",
  "content-length": "62",
  "connection": "keep-alive",
  "strict-transport-security": "max-age=15724800; includeSubDomains"
}
Body: Parameter values are invalid. Please check the paramter format


https://on.cypress.io/request
    at https://omar.ossim.io/__cypress/runner/cypress_runner.js:157527:21
    at tryCatcher (https://omar.ossim.io/__cypress/runner/cypress_runner.js:10130:23)
    at Promise._settlePromiseFromHandler (https://omar.ossim.io/__cypress/runner/cypress_runner.js:8065:31)
    at Promise._settlePromise (https://omar.ossim.io/__cypress/runner/cypress_runner.js:8122:18)
    at Promise._settlePromise0 (https://omar.ossim.io/__cypress/runner/cypress_runner.js:8167:10)
    at Promise._settlePromises (https://omar.ossim.io/__cypress/runner/cypress_runner.js:8247:18)
    at _drainQueueStep (https://omar.ossim.io/__cypress/runner/cypress_runner.js:4837:12)
    at _drainQueue (https://omar.ossim.io/__cypress/runner/cypress_runner.js:4830:9)
    at Async.../../node_modules/bluebird/js/release/async.js.Async._drainQueues (https://omar.ossim.io/__cypress/runner/cypress_runner.js:4846:5)
    at Async.drainQueues (https://omar.ossim.io/__cypress/runner/cypress_runner.js:4716:14)
From Your Spec Code:
    at Context.eval (https://omar.ossim.io/__cypress/tests?p=cypress/integration/APITesting.js:22:12)]]></failure>
    </testcase>
    <testcase name="Automated tests for the omar-mensa methods Should test response header for psm" time="0" classname="Should test response header for psm">
      <failure message="`cy.request()` failed on:

https://omar.ossim.io/omar-mensa/chipper/psm

The response we received from your web server was:

  &gt; 400: Bad Request

This was considered a failure because the status code was not `2xx` or `3xx`.

If you do not want status codes to cause failures pass the option: `failOnStatusCode: false`

-----------------------------------------------------------

The request we sent was:

Method: GET
URL: https://omar.ossim.io/omar-mensa/chipper/psm
Headers: {
  &quot;Connection&quot;: &quot;keep-alive&quot;,
  &quot;user-agent&quot;: &quot;Mozilla/5.0 (X11; Linux x86_64) AppleWebKit/537.36 (KHTML, like Gecko) Cypress/4.10.0 Chrome/80.0.3987.165 Electron/8.3.1 Safari/537.36&quot;,
  &quot;accept&quot;: &quot;*/*&quot;,
  &quot;accept-encoding&quot;: &quot;gzip, deflate&quot;
}

-----------------------------------------------------------

The response we got was:

Status: 400 - Bad Request
Headers: {
  &quot;server&quot;: &quot;nginx/1.17.10&quot;,
  &quot;date&quot;: &quot;Wed, 15 Jul 2020 18:47:30 GMT&quot;,
  &quot;content-type&quot;: &quot;text/plain&quot;,
  &quot;content-length&quot;: &quot;62&quot;,
  &quot;connection&quot;: &quot;keep-alive&quot;,
  &quot;strict-transport-security&quot;: &quot;max-age=15724800; includeSubDomains&quot;
}
Body: Parameter values are invalid. Please check the paramter format


https://on.cypress.io/request" type="CypressError"><![CDATA[CypressError: `cy.request()` failed on:

https://omar.ossim.io/omar-mensa/chipper/psm

The response we received from your web server was:

  > 400: Bad Request

This was considered a failure because the status code was not `2xx` or `3xx`.

If you do not want status codes to cause failures pass the option: `failOnStatusCode: false`

-----------------------------------------------------------

The request we sent was:

Method: GET
URL: https://omar.ossim.io/omar-mensa/chipper/psm
Headers: {
  "Connection": "keep-alive",
  "user-agent": "Mozilla/5.0 (X11; Linux x86_64) AppleWebKit/537.36 (KHTML, like Gecko) Cypress/4.10.0 Chrome/80.0.3987.165 Electron/8.3.1 Safari/537.36",
  "accept": "*/*",
  "accept-encoding": "gzip, deflate"
}

-----------------------------------------------------------

The response we got was:

Status: 400 - Bad Request
Headers: {
  "server": "nginx/1.17.10",
  "date": "Wed, 15 Jul 2020 18:47:30 GMT",
  "content-type": "text/plain",
  "content-length": "62",
  "connection": "keep-alive",
  "strict-transport-security": "max-age=15724800; includeSubDomains"
}
Body: Parameter values are invalid. Please check the paramter format


https://on.cypress.io/request
    at https://omar.ossim.io/__cypress/runner/cypress_runner.js:157527:21
    at tryCatcher (https://omar.ossim.io/__cypress/runner/cypress_runner.js:10130:23)
    at Promise._settlePromiseFromHandler (https://omar.ossim.io/__cypress/runner/cypress_runner.js:8065:31)
    at Promise._settlePromise (https://omar.ossim.io/__cypress/runner/cypress_runner.js:8122:18)
    at Promise._settlePromise0 (https://omar.ossim.io/__cypress/runner/cypress_runner.js:8167:10)
    at Promise._settlePromises (https://omar.ossim.io/__cypress/runner/cypress_runner.js:8247:18)
    at _drainQueueStep (https://omar.ossim.io/__cypress/runner/cypress_runner.js:4837:12)
    at _drainQueue (https://omar.ossim.io/__cypress/runner/cypress_runner.js:4830:9)
    at Async.../../node_modules/bluebird/js/release/async.js.Async._drainQueues (https://omar.ossim.io/__cypress/runner/cypress_runner.js:4846:5)
    at Async.drainQueues (https://omar.ossim.io/__cypress/runner/cypress_runner.js:4716:14)
From Your Spec Code:
    at Context.eval (https://omar.ossim.io/__cypress/tests?p=cypress/integration/APITesting.js:27:12)]]></failure>
    </testcase>
    <testcase name="Automated tests for the omar-mensa methods Should test 200 code for imageDistance default values" time="0" classname="Should test 200 code for imageDistance default values">
      <failure message="`cy.request()` failed on:

https://omar.ossim.io/omar-mensa/mensa/imageDistance

The response we received from your web server was:

  &gt; 500: Server Error

This was considered a failure because the status code was not `2xx` or `3xx`.

If you do not want status codes to cause failures pass the option: `failOnStatusCode: false`

-----------------------------------------------------------

The request we sent was:

Method: POST
URL: https://omar.ossim.io/omar-mensa/mensa/imageDistance
Headers: {
  &quot;Connection&quot;: &quot;keep-alive&quot;,
  &quot;user-agent&quot;: &quot;Mozilla/5.0 (X11; Linux x86_64) AppleWebKit/537.36 (KHTML, like Gecko) Cypress/4.10.0 Chrome/80.0.3987.165 Electron/8.3.1 Safari/537.36&quot;,
  &quot;accept&quot;: &quot;*/*&quot;,
  &quot;accept-encoding&quot;: &quot;gzip, deflate&quot;,
  &quot;content-length&quot;: 0
}

-----------------------------------------------------------

The response we got was:

Status: 500 - Server Error
Headers: {
  &quot;server&quot;: &quot;nginx/1.17.10&quot;,
  &quot;date&quot;: &quot;Wed, 15 Jul 2020 18:47:31 GMT&quot;,
  &quot;content-type&quot;: &quot;application/json;charset=utf-8&quot;,
  &quot;transfer-encoding&quot;: &quot;chunked&quot;,
  &quot;connection&quot;: &quot;keep-alive&quot;,
  &quot;strict-transport-security&quot;: &quot;max-age=15724800; includeSubDomains&quot;
}
Body: {
  &quot;status&quot;: 500,
  &quot;statusMessage&quot;: &quot;groovy.lang.GroovyRuntimeException: Ambiguous method overloading for method org.locationtech.jts.io.WKTReader#read.\nCannot resolve which method to invoke for [null] due to overlapping prototypes between:\n\t[class java.io.Reader]\n\t[class java.lang.String]&quot;,
  &quot;data&quot;: {
    &quot;gdist&quot;: 0,
    &quot;distance&quot;: 0,
    &quot;unit&quot;: &quot;m&quot;
  }
}


https://on.cypress.io/request" type="CypressError"><![CDATA[CypressError: `cy.request()` failed on:

https://omar.ossim.io/omar-mensa/mensa/imageDistance

The response we received from your web server was:

  > 500: Server Error

This was considered a failure because the status code was not `2xx` or `3xx`.

If you do not want status codes to cause failures pass the option: `failOnStatusCode: false`

-----------------------------------------------------------

The request we sent was:

Method: POST
URL: https://omar.ossim.io/omar-mensa/mensa/imageDistance
Headers: {
  "Connection": "keep-alive",
  "user-agent": "Mozilla/5.0 (X11; Linux x86_64) AppleWebKit/537.36 (KHTML, like Gecko) Cypress/4.10.0 Chrome/80.0.3987.165 Electron/8.3.1 Safari/537.36",
  "accept": "*/*",
  "accept-encoding": "gzip, deflate",
  "content-length": 0
}

-----------------------------------------------------------

The response we got was:

Status: 500 - Server Error
Headers: {
  "server": "nginx/1.17.10",
  "date": "Wed, 15 Jul 2020 18:47:31 GMT",
  "content-type": "application/json;charset=utf-8",
  "transfer-encoding": "chunked",
  "connection": "keep-alive",
  "strict-transport-security": "max-age=15724800; includeSubDomains"
}
Body: {
  "status": 500,
  "statusMessage": "groovy.lang.GroovyRuntimeException: Ambiguous method overloading for method org.locationtech.jts.io.WKTReader#read.\nCannot resolve which method to invoke for [null] due to overlapping prototypes between:\n\t[class java.io.Reader]\n\t[class java.lang.String]",
  "data": {
    "gdist": 0,
    "distance": 0,
    "unit": "m"
  }
}


https://on.cypress.io/request
    at https://omar.ossim.io/__cypress/runner/cypress_runner.js:157527:21
    at tryCatcher (https://omar.ossim.io/__cypress/runner/cypress_runner.js:10130:23)
    at Promise._settlePromiseFromHandler (https://omar.ossim.io/__cypress/runner/cypress_runner.js:8065:31)
    at Promise._settlePromise (https://omar.ossim.io/__cypress/runner/cypress_runner.js:8122:18)
    at Promise._settlePromise0 (https://omar.ossim.io/__cypress/runner/cypress_runner.js:8167:10)
    at Promise._settlePromises (https://omar.ossim.io/__cypress/runner/cypress_runner.js:8247:18)
    at _drainQueueStep (https://omar.ossim.io/__cypress/runner/cypress_runner.js:4837:12)
    at _drainQueue (https://omar.ossim.io/__cypress/runner/cypress_runner.js:4830:9)
    at Async.../../node_modules/bluebird/js/release/async.js.Async._drainQueues (https://omar.ossim.io/__cypress/runner/cypress_runner.js:4846:5)
    at Async.drainQueues (https://omar.ossim.io/__cypress/runner/cypress_runner.js:4716:14)
From Your Spec Code:
    at Context.eval (https://omar.ossim.io/__cypress/tests?p=cypress/integration/APITesting.js:22:12)]]></failure>
    </testcase>
    <testcase name="Automated tests for the omar-mensa methods Should test response header for imageDistance" time="0" classname="Should test response header for imageDistance">
      <failure message="`cy.request()` failed on:

https://omar.ossim.io/omar-mensa/mensa/imageDistance

The response we received from your web server was:

  &gt; 500: Server Error

This was considered a failure because the status code was not `2xx` or `3xx`.

If you do not want status codes to cause failures pass the option: `failOnStatusCode: false`

-----------------------------------------------------------

The request we sent was:

Method: POST
URL: https://omar.ossim.io/omar-mensa/mensa/imageDistance
Headers: {
  &quot;Connection&quot;: &quot;keep-alive&quot;,
  &quot;user-agent&quot;: &quot;Mozilla/5.0 (X11; Linux x86_64) AppleWebKit/537.36 (KHTML, like Gecko) Cypress/4.10.0 Chrome/80.0.3987.165 Electron/8.3.1 Safari/537.36&quot;,
  &quot;accept&quot;: &quot;*/*&quot;,
  &quot;accept-encoding&quot;: &quot;gzip, deflate&quot;,
  &quot;content-length&quot;: 0
}

-----------------------------------------------------------

The response we got was:

Status: 500 - Server Error
Headers: {
  &quot;server&quot;: &quot;nginx/1.17.10&quot;,
  &quot;date&quot;: &quot;Wed, 15 Jul 2020 18:47:31 GMT&quot;,
  &quot;content-type&quot;: &quot;application/json;charset=utf-8&quot;,
  &quot;transfer-encoding&quot;: &quot;chunked&quot;,
  &quot;connection&quot;: &quot;keep-alive&quot;,
  &quot;strict-transport-security&quot;: &quot;max-age=15724800; includeSubDomains&quot;
}
Body: {
  &quot;status&quot;: 500,
  &quot;statusMessage&quot;: &quot;groovy.lang.GroovyRuntimeException: Ambiguous method overloading for method org.locationtech.jts.io.WKTReader#read.\nCannot resolve which method to invoke for [null] due to overlapping prototypes between:\n\t[class java.io.Reader]\n\t[class java.lang.String]&quot;,
  &quot;data&quot;: {
    &quot;gdist&quot;: 0,
    &quot;distance&quot;: 0,
    &quot;unit&quot;: &quot;m&quot;
  }
}


https://on.cypress.io/request" type="CypressError"><![CDATA[CypressError: `cy.request()` failed on:

https://omar.ossim.io/omar-mensa/mensa/imageDistance

The response we received from your web server was:

  > 500: Server Error

This was considered a failure because the status code was not `2xx` or `3xx`.

If you do not want status codes to cause failures pass the option: `failOnStatusCode: false`

-----------------------------------------------------------

The request we sent was:

Method: POST
URL: https://omar.ossim.io/omar-mensa/mensa/imageDistance
Headers: {
  "Connection": "keep-alive",
  "user-agent": "Mozilla/5.0 (X11; Linux x86_64) AppleWebKit/537.36 (KHTML, like Gecko) Cypress/4.10.0 Chrome/80.0.3987.165 Electron/8.3.1 Safari/537.36",
  "accept": "*/*",
  "accept-encoding": "gzip, deflate",
  "content-length": 0
}

-----------------------------------------------------------

The response we got was:

Status: 500 - Server Error
Headers: {
  "server": "nginx/1.17.10",
  "date": "Wed, 15 Jul 2020 18:47:31 GMT",
  "content-type": "application/json;charset=utf-8",
  "transfer-encoding": "chunked",
  "connection": "keep-alive",
  "strict-transport-security": "max-age=15724800; includeSubDomains"
}
Body: {
  "status": 500,
  "statusMessage": "groovy.lang.GroovyRuntimeException: Ambiguous method overloading for method org.locationtech.jts.io.WKTReader#read.\nCannot resolve which method to invoke for [null] due to overlapping prototypes between:\n\t[class java.io.Reader]\n\t[class java.lang.String]",
  "data": {
    "gdist": 0,
    "distance": 0,
    "unit": "m"
  }
}


https://on.cypress.io/request
    at https://omar.ossim.io/__cypress/runner/cypress_runner.js:157527:21
    at tryCatcher (https://omar.ossim.io/__cypress/runner/cypress_runner.js:10130:23)
    at Promise._settlePromiseFromHandler (https://omar.ossim.io/__cypress/runner/cypress_runner.js:8065:31)
    at Promise._settlePromise (https://omar.ossim.io/__cypress/runner/cypress_runner.js:8122:18)
    at Promise._settlePromise0 (https://omar.ossim.io/__cypress/runner/cypress_runner.js:8167:10)
    at Promise._settlePromises (https://omar.ossim.io/__cypress/runner/cypress_runner.js:8247:18)
    at _drainQueueStep (https://omar.ossim.io/__cypress/runner/cypress_runner.js:4837:12)
    at _drainQueue (https://omar.ossim.io/__cypress/runner/cypress_runner.js:4830:9)
    at Async.../../node_modules/bluebird/js/release/async.js.Async._drainQueues (https://omar.ossim.io/__cypress/runner/cypress_runner.js:4846:5)
    at Async.drainQueues (https://omar.ossim.io/__cypress/runner/cypress_runner.js:4716:14)
From Your Spec Code:
    at Context.eval (https://omar.ossim.io/__cypress/tests?p=cypress/integration/APITesting.js:27:12)]]></failure>
    </testcase>
    <testcase name="Automated tests for the omar-mensa methods Should test 200 code for groundToImagePoints default values" time="0" classname="Should test 200 code for groundToImagePoints default values">
      <failure message="`cy.request()` failed on:

https://omar.ossim.io/omar-mensa/mensa/groundToImagePoints

The response we received from your web server was:

  &gt; 500: Server Error

This was considered a failure because the status code was not `2xx` or `3xx`.

If you do not want status codes to cause failures pass the option: `failOnStatusCode: false`

-----------------------------------------------------------

The request we sent was:

Method: POST
URL: https://omar.ossim.io/omar-mensa/mensa/groundToImagePoints
Headers: {
  &quot;Connection&quot;: &quot;keep-alive&quot;,
  &quot;user-agent&quot;: &quot;Mozilla/5.0 (X11; Linux x86_64) AppleWebKit/537.36 (KHTML, like Gecko) Cypress/4.10.0 Chrome/80.0.3987.165 Electron/8.3.1 Safari/537.36&quot;,
  &quot;accept&quot;: &quot;*/*&quot;,
  &quot;accept-encoding&quot;: &quot;gzip, deflate&quot;,
  &quot;content-length&quot;: 0
}

-----------------------------------------------------------

The response we got was:

Status: 500 - Server Error
Headers: {
  &quot;server&quot;: &quot;nginx/1.17.10&quot;,
  &quot;date&quot;: &quot;Wed, 15 Jul 2020 18:47:31 GMT&quot;,
  &quot;content-type&quot;: &quot;application/json;charset=utf-8&quot;,
  &quot;transfer-encoding&quot;: &quot;chunked&quot;,
  &quot;connection&quot;: &quot;keep-alive&quot;,
  &quot;strict-transport-security&quot;: &quot;max-age=15724800; includeSubDomains&quot;
}
Body: {
  &quot;status&quot;: 500,
  &quot;statusMessage&quot;: &quot;java.lang.NullPointerException: null string&quot;,
  &quot;data&quot;: []
}


https://on.cypress.io/request" type="CypressError"><![CDATA[CypressError: `cy.request()` failed on:

https://omar.ossim.io/omar-mensa/mensa/groundToImagePoints

The response we received from your web server was:

  > 500: Server Error

This was considered a failure because the status code was not `2xx` or `3xx`.

If you do not want status codes to cause failures pass the option: `failOnStatusCode: false`

-----------------------------------------------------------

The request we sent was:

Method: POST
URL: https://omar.ossim.io/omar-mensa/mensa/groundToImagePoints
Headers: {
  "Connection": "keep-alive",
  "user-agent": "Mozilla/5.0 (X11; Linux x86_64) AppleWebKit/537.36 (KHTML, like Gecko) Cypress/4.10.0 Chrome/80.0.3987.165 Electron/8.3.1 Safari/537.36",
  "accept": "*/*",
  "accept-encoding": "gzip, deflate",
  "content-length": 0
}

-----------------------------------------------------------

The response we got was:

Status: 500 - Server Error
Headers: {
  "server": "nginx/1.17.10",
  "date": "Wed, 15 Jul 2020 18:47:31 GMT",
  "content-type": "application/json;charset=utf-8",
  "transfer-encoding": "chunked",
  "connection": "keep-alive",
  "strict-transport-security": "max-age=15724800; includeSubDomains"
}
Body: {
  "status": 500,
  "statusMessage": "java.lang.NullPointerException: null string",
  "data": []
}


https://on.cypress.io/request
    at https://omar.ossim.io/__cypress/runner/cypress_runner.js:157527:21
    at tryCatcher (https://omar.ossim.io/__cypress/runner/cypress_runner.js:10130:23)
    at Promise._settlePromiseFromHandler (https://omar.ossim.io/__cypress/runner/cypress_runner.js:8065:31)
    at Promise._settlePromise (https://omar.ossim.io/__cypress/runner/cypress_runner.js:8122:18)
    at Promise._settlePromise0 (https://omar.ossim.io/__cypress/runner/cypress_runner.js:8167:10)
    at Promise._settlePromises (https://omar.ossim.io/__cypress/runner/cypress_runner.js:8247:18)
    at _drainQueueStep (https://omar.ossim.io/__cypress/runner/cypress_runner.js:4837:12)
    at _drainQueue (https://omar.ossim.io/__cypress/runner/cypress_runner.js:4830:9)
    at Async.../../node_modules/bluebird/js/release/async.js.Async._drainQueues (https://omar.ossim.io/__cypress/runner/cypress_runner.js:4846:5)
    at Async.drainQueues (https://omar.ossim.io/__cypress/runner/cypress_runner.js:4716:14)
From Your Spec Code:
    at Context.eval (https://omar.ossim.io/__cypress/tests?p=cypress/integration/APITesting.js:22:12)]]></failure>
    </testcase>
    <testcase name="Automated tests for the omar-mensa methods Should test response header for groundToImagePoints" time="0" classname="Should test response header for groundToImagePoints">
      <failure message="`cy.request()` failed on:

https://omar.ossim.io/omar-mensa/mensa/groundToImagePoints

The response we received from your web server was:

  &gt; 500: Server Error

This was considered a failure because the status code was not `2xx` or `3xx`.

If you do not want status codes to cause failures pass the option: `failOnStatusCode: false`

-----------------------------------------------------------

The request we sent was:

Method: POST
URL: https://omar.ossim.io/omar-mensa/mensa/groundToImagePoints
Headers: {
  &quot;Connection&quot;: &quot;keep-alive&quot;,
  &quot;user-agent&quot;: &quot;Mozilla/5.0 (X11; Linux x86_64) AppleWebKit/537.36 (KHTML, like Gecko) Cypress/4.10.0 Chrome/80.0.3987.165 Electron/8.3.1 Safari/537.36&quot;,
  &quot;accept&quot;: &quot;*/*&quot;,
  &quot;accept-encoding&quot;: &quot;gzip, deflate&quot;,
  &quot;content-length&quot;: 0
}

-----------------------------------------------------------

The response we got was:

Status: 500 - Server Error
Headers: {
  &quot;server&quot;: &quot;nginx/1.17.10&quot;,
  &quot;date&quot;: &quot;Wed, 15 Jul 2020 18:47:31 GMT&quot;,
  &quot;content-type&quot;: &quot;application/json;charset=utf-8&quot;,
  &quot;transfer-encoding&quot;: &quot;chunked&quot;,
  &quot;connection&quot;: &quot;keep-alive&quot;,
  &quot;strict-transport-security&quot;: &quot;max-age=15724800; includeSubDomains&quot;
}
Body: {
  &quot;status&quot;: 500,
  &quot;statusMessage&quot;: &quot;java.lang.NullPointerException: null string&quot;,
  &quot;data&quot;: []
}


https://on.cypress.io/request" type="CypressError"><![CDATA[CypressError: `cy.request()` failed on:

https://omar.ossim.io/omar-mensa/mensa/groundToImagePoints

The response we received from your web server was:

  > 500: Server Error

This was considered a failure because the status code was not `2xx` or `3xx`.

If you do not want status codes to cause failures pass the option: `failOnStatusCode: false`

-----------------------------------------------------------

The request we sent was:

Method: POST
URL: https://omar.ossim.io/omar-mensa/mensa/groundToImagePoints
Headers: {
  "Connection": "keep-alive",
  "user-agent": "Mozilla/5.0 (X11; Linux x86_64) AppleWebKit/537.36 (KHTML, like Gecko) Cypress/4.10.0 Chrome/80.0.3987.165 Electron/8.3.1 Safari/537.36",
  "accept": "*/*",
  "accept-encoding": "gzip, deflate",
  "content-length": 0
}

-----------------------------------------------------------

The response we got was:

Status: 500 - Server Error
Headers: {
  "server": "nginx/1.17.10",
  "date": "Wed, 15 Jul 2020 18:47:31 GMT",
  "content-type": "application/json;charset=utf-8",
  "transfer-encoding": "chunked",
  "connection": "keep-alive",
  "strict-transport-security": "max-age=15724800; includeSubDomains"
}
Body: {
  "status": 500,
  "statusMessage": "java.lang.NullPointerException: null string",
  "data": []
}


https://on.cypress.io/request
    at https://omar.ossim.io/__cypress/runner/cypress_runner.js:157527:21
    at tryCatcher (https://omar.ossim.io/__cypress/runner/cypress_runner.js:10130:23)
    at Promise._settlePromiseFromHandler (https://omar.ossim.io/__cypress/runner/cypress_runner.js:8065:31)
    at Promise._settlePromise (https://omar.ossim.io/__cypress/runner/cypress_runner.js:8122:18)
    at Promise._settlePromise0 (https://omar.ossim.io/__cypress/runner/cypress_runner.js:8167:10)
    at Promise._settlePromises (https://omar.ossim.io/__cypress/runner/cypress_runner.js:8247:18)
    at _drainQueueStep (https://omar.ossim.io/__cypress/runner/cypress_runner.js:4837:12)
    at _drainQueue (https://omar.ossim.io/__cypress/runner/cypress_runner.js:4830:9)
    at Async.../../node_modules/bluebird/js/release/async.js.Async._drainQueues (https://omar.ossim.io/__cypress/runner/cypress_runner.js:4846:5)
    at Async.drainQueues (https://omar.ossim.io/__cypress/runner/cypress_runner.js:4716:14)
From Your Spec Code:
    at Context.eval (https://omar.ossim.io/__cypress/tests?p=cypress/integration/APITesting.js:27:12)]]></failure>
    </testcase>
    <testcase name="Automated tests for the omar-mensa methods Should test 200 code for imagePointsToGround default values" time="0" classname="Should test 200 code for imagePointsToGround default values">
      <failure message="`cy.request()` failed on:

https://omar.ossim.io/omar-mensa/mensa/imagePointsToGround

The response we received from your web server was:

  &gt; 500: Server Error

This was considered a failure because the status code was not `2xx` or `3xx`.

If you do not want status codes to cause failures pass the option: `failOnStatusCode: false`

-----------------------------------------------------------

The request we sent was:

Method: POST
URL: https://omar.ossim.io/omar-mensa/mensa/imagePointsToGround
Headers: {
  &quot;Connection&quot;: &quot;keep-alive&quot;,
  &quot;user-agent&quot;: &quot;Mozilla/5.0 (X11; Linux x86_64) AppleWebKit/537.36 (KHTML, like Gecko) Cypress/4.10.0 Chrome/80.0.3987.165 Electron/8.3.1 Safari/537.36&quot;,
  &quot;accept&quot;: &quot;*/*&quot;,
  &quot;accept-encoding&quot;: &quot;gzip, deflate&quot;,
  &quot;content-length&quot;: 0
}

-----------------------------------------------------------

The response we got was:

Status: 500 - Server Error
Headers: {
  &quot;server&quot;: &quot;nginx/1.17.10&quot;,
  &quot;date&quot;: &quot;Wed, 15 Jul 2020 18:47:31 GMT&quot;,
  &quot;content-type&quot;: &quot;application/json;charset=utf-8&quot;,
  &quot;transfer-encoding&quot;: &quot;chunked&quot;,
  &quot;connection&quot;: &quot;keep-alive&quot;,
  &quot;strict-transport-security&quot;: &quot;max-age=15724800; includeSubDomains&quot;
}
Body: {
  &quot;status&quot;: 500,
  &quot;statusMessage&quot;: &quot;java.lang.NullPointerException: null string&quot;,
  &quot;data&quot;: []
}


https://on.cypress.io/request" type="CypressError"><![CDATA[CypressError: `cy.request()` failed on:

https://omar.ossim.io/omar-mensa/mensa/imagePointsToGround

The response we received from your web server was:

  > 500: Server Error

This was considered a failure because the status code was not `2xx` or `3xx`.

If you do not want status codes to cause failures pass the option: `failOnStatusCode: false`

-----------------------------------------------------------

The request we sent was:

Method: POST
URL: https://omar.ossim.io/omar-mensa/mensa/imagePointsToGround
Headers: {
  "Connection": "keep-alive",
  "user-agent": "Mozilla/5.0 (X11; Linux x86_64) AppleWebKit/537.36 (KHTML, like Gecko) Cypress/4.10.0 Chrome/80.0.3987.165 Electron/8.3.1 Safari/537.36",
  "accept": "*/*",
  "accept-encoding": "gzip, deflate",
  "content-length": 0
}

-----------------------------------------------------------

The response we got was:

Status: 500 - Server Error
Headers: {
  "server": "nginx/1.17.10",
  "date": "Wed, 15 Jul 2020 18:47:31 GMT",
  "content-type": "application/json;charset=utf-8",
  "transfer-encoding": "chunked",
  "connection": "keep-alive",
  "strict-transport-security": "max-age=15724800; includeSubDomains"
}
Body: {
  "status": 500,
  "statusMessage": "java.lang.NullPointerException: null string",
  "data": []
}


https://on.cypress.io/request
    at https://omar.ossim.io/__cypress/runner/cypress_runner.js:157527:21
    at tryCatcher (https://omar.ossim.io/__cypress/runner/cypress_runner.js:10130:23)
    at Promise._settlePromiseFromHandler (https://omar.ossim.io/__cypress/runner/cypress_runner.js:8065:31)
    at Promise._settlePromise (https://omar.ossim.io/__cypress/runner/cypress_runner.js:8122:18)
    at Promise._settlePromise0 (https://omar.ossim.io/__cypress/runner/cypress_runner.js:8167:10)
    at Promise._settlePromises (https://omar.ossim.io/__cypress/runner/cypress_runner.js:8247:18)
    at _drainQueueStep (https://omar.ossim.io/__cypress/runner/cypress_runner.js:4837:12)
    at _drainQueue (https://omar.ossim.io/__cypress/runner/cypress_runner.js:4830:9)
    at Async.../../node_modules/bluebird/js/release/async.js.Async._drainQueues (https://omar.ossim.io/__cypress/runner/cypress_runner.js:4846:5)
    at Async.drainQueues (https://omar.ossim.io/__cypress/runner/cypress_runner.js:4716:14)
From Your Spec Code:
    at Context.eval (https://omar.ossim.io/__cypress/tests?p=cypress/integration/APITesting.js:22:12)]]></failure>
    </testcase>
    <testcase name="Automated tests for the omar-mensa methods Should test response header for imagePointsToGround" time="0" classname="Should test response header for imagePointsToGround">
      <failure message="`cy.request()` failed on:

https://omar.ossim.io/omar-mensa/mensa/imagePointsToGround

The response we received from your web server was:

  &gt; 500: Server Error

This was considered a failure because the status code was not `2xx` or `3xx`.

If you do not want status codes to cause failures pass the option: `failOnStatusCode: false`

-----------------------------------------------------------

The request we sent was:

Method: POST
URL: https://omar.ossim.io/omar-mensa/mensa/imagePointsToGround
Headers: {
  &quot;Connection&quot;: &quot;keep-alive&quot;,
  &quot;user-agent&quot;: &quot;Mozilla/5.0 (X11; Linux x86_64) AppleWebKit/537.36 (KHTML, like Gecko) Cypress/4.10.0 Chrome/80.0.3987.165 Electron/8.3.1 Safari/537.36&quot;,
  &quot;accept&quot;: &quot;*/*&quot;,
  &quot;accept-encoding&quot;: &quot;gzip, deflate&quot;,
  &quot;content-length&quot;: 0
}

-----------------------------------------------------------

The response we got was:

Status: 500 - Server Error
Headers: {
  &quot;server&quot;: &quot;nginx/1.17.10&quot;,
  &quot;date&quot;: &quot;Wed, 15 Jul 2020 18:47:32 GMT&quot;,
  &quot;content-type&quot;: &quot;application/json;charset=utf-8&quot;,
  &quot;transfer-encoding&quot;: &quot;chunked&quot;,
  &quot;connection&quot;: &quot;keep-alive&quot;,
  &quot;strict-transport-security&quot;: &quot;max-age=15724800; includeSubDomains&quot;
}
Body: {
  &quot;status&quot;: 500,
  &quot;statusMessage&quot;: &quot;java.lang.NullPointerException: null string&quot;,
  &quot;data&quot;: []
}


https://on.cypress.io/request" type="CypressError"><![CDATA[CypressError: `cy.request()` failed on:

https://omar.ossim.io/omar-mensa/mensa/imagePointsToGround

The response we received from your web server was:

  > 500: Server Error

This was considered a failure because the status code was not `2xx` or `3xx`.

If you do not want status codes to cause failures pass the option: `failOnStatusCode: false`

-----------------------------------------------------------

The request we sent was:

Method: POST
URL: https://omar.ossim.io/omar-mensa/mensa/imagePointsToGround
Headers: {
  "Connection": "keep-alive",
  "user-agent": "Mozilla/5.0 (X11; Linux x86_64) AppleWebKit/537.36 (KHTML, like Gecko) Cypress/4.10.0 Chrome/80.0.3987.165 Electron/8.3.1 Safari/537.36",
  "accept": "*/*",
  "accept-encoding": "gzip, deflate",
  "content-length": 0
}

-----------------------------------------------------------

The response we got was:

Status: 500 - Server Error
Headers: {
  "server": "nginx/1.17.10",
  "date": "Wed, 15 Jul 2020 18:47:32 GMT",
  "content-type": "application/json;charset=utf-8",
  "transfer-encoding": "chunked",
  "connection": "keep-alive",
  "strict-transport-security": "max-age=15724800; includeSubDomains"
}
Body: {
  "status": 500,
  "statusMessage": "java.lang.NullPointerException: null string",
  "data": []
}


https://on.cypress.io/request
    at https://omar.ossim.io/__cypress/runner/cypress_runner.js:157527:21
    at tryCatcher (https://omar.ossim.io/__cypress/runner/cypress_runner.js:10130:23)
    at Promise._settlePromiseFromHandler (https://omar.ossim.io/__cypress/runner/cypress_runner.js:8065:31)
    at Promise._settlePromise (https://omar.ossim.io/__cypress/runner/cypress_runner.js:8122:18)
    at Promise._settlePromise0 (https://omar.ossim.io/__cypress/runner/cypress_runner.js:8167:10)
    at Promise._settlePromises (https://omar.ossim.io/__cypress/runner/cypress_runner.js:8247:18)
    at _drainQueueStep (https://omar.ossim.io/__cypress/runner/cypress_runner.js:4837:12)
    at _drainQueue (https://omar.ossim.io/__cypress/runner/cypress_runner.js:4830:9)
    at Async.../../node_modules/bluebird/js/release/async.js.Async._drainQueues (https://omar.ossim.io/__cypress/runner/cypress_runner.js:4846:5)
    at Async.drainQueues (https://omar.ossim.io/__cypress/runner/cypress_runner.js:4716:14)
From Your Spec Code:
    at Context.eval (https://omar.ossim.io/__cypress/tests?p=cypress/integration/APITesting.js:27:12)]]></failure>
    </testcase>
    <testcase name="Automated tests for the omar-mensa methods Should test 200 code for getInfo default values" time="0" classname="Should test 200 code for getInfo default values">
      <failure message="`cy.request()` failed on:

https://omar.ossim.io/omar-mensa/dataInfo/getInfo

The response we received from your web server was:

  &gt; 400: Bad Request

This was considered a failure because the status code was not `2xx` or `3xx`.

If you do not want status codes to cause failures pass the option: `failOnStatusCode: false`

-----------------------------------------------------------

The request we sent was:

Method: GET
URL: https://omar.ossim.io/omar-mensa/dataInfo/getInfo
Headers: {
  &quot;Connection&quot;: &quot;keep-alive&quot;,
  &quot;user-agent&quot;: &quot;Mozilla/5.0 (X11; Linux x86_64) AppleWebKit/537.36 (KHTML, like Gecko) Cypress/4.10.0 Chrome/80.0.3987.165 Electron/8.3.1 Safari/537.36&quot;,
  &quot;accept&quot;: &quot;*/*&quot;,
  &quot;accept-encoding&quot;: &quot;gzip, deflate&quot;
}

-----------------------------------------------------------

The response we got was:

Status: 400 - Bad Request
Headers: {
  &quot;server&quot;: &quot;nginx/1.17.10&quot;,
  &quot;date&quot;: &quot;Wed, 15 Jul 2020 18:47:32 GMT&quot;,
  &quot;content-type&quot;: &quot;text/plain;charset=utf-8&quot;,
  &quot;transfer-encoding&quot;: &quot;chunked&quot;,
  &quot;connection&quot;: &quot;keep-alive&quot;,
  &quot;strict-transport-security&quot;: &quot;max-age=15724800; includeSubDomains&quot;
}
Body: Unable to get information for null


https://on.cypress.io/request" type="CypressError"><![CDATA[CypressError: `cy.request()` failed on:

https://omar.ossim.io/omar-mensa/dataInfo/getInfo

The response we received from your web server was:

  > 400: Bad Request

This was considered a failure because the status code was not `2xx` or `3xx`.

If you do not want status codes to cause failures pass the option: `failOnStatusCode: false`

-----------------------------------------------------------

The request we sent was:

Method: GET
URL: https://omar.ossim.io/omar-mensa/dataInfo/getInfo
Headers: {
  "Connection": "keep-alive",
  "user-agent": "Mozilla/5.0 (X11; Linux x86_64) AppleWebKit/537.36 (KHTML, like Gecko) Cypress/4.10.0 Chrome/80.0.3987.165 Electron/8.3.1 Safari/537.36",
  "accept": "*/*",
  "accept-encoding": "gzip, deflate"
}

-----------------------------------------------------------

The response we got was:

Status: 400 - Bad Request
Headers: {
  "server": "nginx/1.17.10",
  "date": "Wed, 15 Jul 2020 18:47:32 GMT",
  "content-type": "text/plain;charset=utf-8",
  "transfer-encoding": "chunked",
  "connection": "keep-alive",
  "strict-transport-security": "max-age=15724800; includeSubDomains"
}
Body: Unable to get information for null


https://on.cypress.io/request
    at https://omar.ossim.io/__cypress/runner/cypress_runner.js:157527:21
    at tryCatcher (https://omar.ossim.io/__cypress/runner/cypress_runner.js:10130:23)
    at Promise._settlePromiseFromHandler (https://omar.ossim.io/__cypress/runner/cypress_runner.js:8065:31)
    at Promise._settlePromise (https://omar.ossim.io/__cypress/runner/cypress_runner.js:8122:18)
    at Promise._settlePromise0 (https://omar.ossim.io/__cypress/runner/cypress_runner.js:8167:10)
    at Promise._settlePromises (https://omar.ossim.io/__cypress/runner/cypress_runner.js:8247:18)
    at _drainQueueStep (https://omar.ossim.io/__cypress/runner/cypress_runner.js:4837:12)
    at _drainQueue (https://omar.ossim.io/__cypress/runner/cypress_runner.js:4830:9)
    at Async.../../node_modules/bluebird/js/release/async.js.Async._drainQueues (https://omar.ossim.io/__cypress/runner/cypress_runner.js:4846:5)
    at Async.drainQueues (https://omar.ossim.io/__cypress/runner/cypress_runner.js:4716:14)
From Your Spec Code:
    at Context.eval (https://omar.ossim.io/__cypress/tests?p=cypress/integration/APITesting.js:22:12)]]></failure>
    </testcase>
    <testcase name="Automated tests for the omar-mensa methods Should test response header for getInfo" time="0" classname="Should test response header for getInfo">
      <failure message="`cy.request()` failed on:

https://omar.ossim.io/omar-mensa/dataInfo/getInfo

The response we received from your web server was:

  &gt; 400: Bad Request

This was considered a failure because the status code was not `2xx` or `3xx`.

If you do not want status codes to cause failures pass the option: `failOnStatusCode: false`

-----------------------------------------------------------

The request we sent was:

Method: GET
URL: https://omar.ossim.io/omar-mensa/dataInfo/getInfo
Headers: {
  &quot;Connection&quot;: &quot;keep-alive&quot;,
  &quot;user-agent&quot;: &quot;Mozilla/5.0 (X11; Linux x86_64) AppleWebKit/537.36 (KHTML, like Gecko) Cypress/4.10.0 Chrome/80.0.3987.165 Electron/8.3.1 Safari/537.36&quot;,
  &quot;accept&quot;: &quot;*/*&quot;,
  &quot;accept-encoding&quot;: &quot;gzip, deflate&quot;
}

-----------------------------------------------------------

The response we got was:

Status: 400 - Bad Request
Headers: {
  &quot;server&quot;: &quot;nginx/1.17.10&quot;,
  &quot;date&quot;: &quot;Wed, 15 Jul 2020 18:47:32 GMT&quot;,
  &quot;content-type&quot;: &quot;text/plain;charset=utf-8&quot;,
  &quot;transfer-encoding&quot;: &quot;chunked&quot;,
  &quot;connection&quot;: &quot;keep-alive&quot;,
  &quot;strict-transport-security&quot;: &quot;max-age=15724800; includeSubDomains&quot;
}
Body: Unable to get information for null


https://on.cypress.io/request" type="CypressError"><![CDATA[CypressError: `cy.request()` failed on:

https://omar.ossim.io/omar-mensa/dataInfo/getInfo

The response we received from your web server was:

  > 400: Bad Request

This was considered a failure because the status code was not `2xx` or `3xx`.

If you do not want status codes to cause failures pass the option: `failOnStatusCode: false`

-----------------------------------------------------------

The request we sent was:

Method: GET
URL: https://omar.ossim.io/omar-mensa/dataInfo/getInfo
Headers: {
  "Connection": "keep-alive",
  "user-agent": "Mozilla/5.0 (X11; Linux x86_64) AppleWebKit/537.36 (KHTML, like Gecko) Cypress/4.10.0 Chrome/80.0.3987.165 Electron/8.3.1 Safari/537.36",
  "accept": "*/*",
  "accept-encoding": "gzip, deflate"
}

-----------------------------------------------------------

The response we got was:

Status: 400 - Bad Request
Headers: {
  "server": "nginx/1.17.10",
  "date": "Wed, 15 Jul 2020 18:47:32 GMT",
  "content-type": "text/plain;charset=utf-8",
  "transfer-encoding": "chunked",
  "connection": "keep-alive",
  "strict-transport-security": "max-age=15724800; includeSubDomains"
}
Body: Unable to get information for null


https://on.cypress.io/request
    at https://omar.ossim.io/__cypress/runner/cypress_runner.js:157527:21
    at tryCatcher (https://omar.ossim.io/__cypress/runner/cypress_runner.js:10130:23)
    at Promise._settlePromiseFromHandler (https://omar.ossim.io/__cypress/runner/cypress_runner.js:8065:31)
    at Promise._settlePromise (https://omar.ossim.io/__cypress/runner/cypress_runner.js:8122:18)
    at Promise._settlePromise0 (https://omar.ossim.io/__cypress/runner/cypress_runner.js:8167:10)
    at Promise._settlePromises (https://omar.ossim.io/__cypress/runner/cypress_runner.js:8247:18)
    at _drainQueueStep (https://omar.ossim.io/__cypress/runner/cypress_runner.js:4837:12)
    at _drainQueue (https://omar.ossim.io/__cypress/runner/cypress_runner.js:4830:9)
    at Async.../../node_modules/bluebird/js/release/async.js.Async._drainQueues (https://omar.ossim.io/__cypress/runner/cypress_runner.js:4846:5)
    at Async.drainQueues (https://omar.ossim.io/__cypress/runner/cypress_runner.js:4716:14)
From Your Spec Code:
    at Context.eval (https://omar.ossim.io/__cypress/tests?p=cypress/integration/APITesting.js:27:12)]]></failure>
    </testcase>
  </testsuite>
</testsuites>